2023-04-03 01:51:33.866297 - Initialized conversion of CBT670
2023-04-03 01:51:34.014339 - Received CBT.V504.FILE670.PDS from FILE670.XMI 
2023-04-03 01:51:34.017150 - Found $$$#DATE.txt (text/plain) in CBT.V504.FILE670.PDS, moved to PDS/$$$#DATE
2023-04-03 01:51:34.018814 - Found $$NOTE01.txt (text/plain) in CBT.V504.FILE670.PDS, moved to PDS/$$NOTE01
2023-04-03 01:51:34.029900 - Found $LOADLIB.xmi (application/xmit) in CBT.V504.FILE670.PDS
2023-04-03 01:51:34.064069   - Received RECFM=U data, stored XMIT file as CBT670/$LOADLIB.xmi
2023-04-03 01:51:34.065353 - Found $README.txt (text/plain) in CBT.V504.FILE670.PDS, moved to PDS/$README
2023-04-03 01:51:34.066400 - Found @FILE670.txt (text/plain) in CBT.V504.FILE670.PDS, moved to PDS/@FILE670
2023-04-03 01:51:34.067527 - Found @RXCSECT.txt (text/plain) in CBT.V504.FILE670.PDS, moved to PDS/@RXCSECT
2023-04-03 01:51:34.069021 - Found @RXENTRY.txt (text/plain) in CBT.V504.FILE670.PDS, moved to PDS/@RXENTRY
2023-04-03 01:51:34.070249 - Found @RXEXIT.txt (text/plain) in CBT.V504.FILE670.PDS, moved to PDS/@RXEXIT
2023-04-03 01:51:34.071551 - Found @RXFDIR.txt (text/plain) in CBT.V504.FILE670.PDS, moved to PDS/@RXFDIR
2023-04-03 01:51:34.072866 - Found ASSEMBLE.txt (text/plain) in CBT.V504.FILE670.PDS, moved to PDS/ASSEMBLE
2023-04-03 01:51:34.074109 - Found DRXFLOC.txt (text/plain) in CBT.V504.FILE670.PDS, moved to PDS/DRXFLOC
2023-04-03 01:51:34.075399 - Found DRXFUNC.txt (text/plain) in CBT.V504.FILE670.PDS, moved to PDS/DRXFUNC
2023-04-03 01:51:34.076941 - Found DRXMATH.txt (text/plain) in CBT.V504.FILE670.PDS, moved to PDS/DRXMATH
2023-04-03 01:51:34.078272 - Found JDRXFLOC.jcl (text/plain) in CBT.V504.FILE670.PDS, moved to PDS/JDRXFLOC
2023-04-03 01:51:34.079612 - Found JDRXTEST.jcl (text/plain) in CBT.V504.FILE670.PDS, moved to PDS/JDRXTEST
2023-04-03 01:51:34.080685 - Found TTEST0.txt (text/plain) in CBT.V504.FILE670.PDS, moved to PDS/TTEST0
2023-04-03 01:51:34.082014 - Found TTEST1.txt (text/plain) in CBT.V504.FILE670.PDS, moved to PDS/TTEST1
2023-04-03 01:51:34.083135 - Found TTEST2.txt (text/plain) in CBT.V504.FILE670.PDS, moved to PDS/TTEST2
2023-04-03 01:51:34.084537 - Found TTEST3.txt (text/plain) in CBT.V504.FILE670.PDS, moved to PDS/TTEST3
2023-04-03 01:51:34.085721 - Found TTEST5.txt (text/plain) in CBT.V504.FILE670.PDS, moved to PDS/TTEST5
2023-04-03 01:51:34.086758 - Found TTEST6.txt (text/plain) in CBT.V504.FILE670.PDS, moved to PDS/TTEST6
